SF:lib\BackendServices\candidato_services.dart
DA:10,1
DA:11,2
DA:12,1
DA:13,1
DA:16,2
DA:21,3
DA:25,1
DA:26,2
DA:27,1
DA:28,1
DA:31,2
DA:32,1
DA:33,1
DA:34,1
DA:35,1
DA:36,1
DA:37,1
DA:41,3
LF:18
LH:18
end_of_record
SF:lib\Models\candidato.dart
DA:5,4
DA:6,2
DA:9,4
DA:10,2
DA:13,4
DA:14,2
DA:16,4
DA:17,2
DA:20,4
DA:21,2
DA:24,4
DA:25,2
DA:28,4
DA:29,2
DA:31,2
DA:41,2
DA:42,2
DA:43,2
DA:44,2
DA:45,2
DA:46,2
DA:47,2
DA:48,2
DA:49,2
DA:52,2
DA:53,2
DA:54,2
DA:55,2
DA:56,2
DA:57,2
DA:58,2
DA:59,2
DA:60,2
LF:33
LH:33
end_of_record
